0 info it worked if it ends with ok
1 verbose cli [ '/Users/joshkleckner/.nvm/versions/node/v6.8.0/bin/node',
1 verbose cli   '/Users/joshkleckner/.nvm/versions/node/v6.8.0/bin/npm',
1 verbose cli   'i',
1 verbose cli   'lokua/styled-ax',
1 verbose cli   '--save-dev' ]
2 info using npm@3.10.8
3 info using node@v6.8.0
4 silly loadCurrentTree Starting
5 silly install loadCurrentTree
6 silly install readLocalPackageData
7 silly fetchPackageMetaData lokua/styled-ax
8 silly fetchOtherPackageData lokua/styled-ax
9 silly cache add args [ 'lokua/styled-ax', null ]
10 verbose cache add spec lokua/styled-ax
11 silly cache add parsed spec Result {
11 silly cache add   raw: 'lokua/styled-ax',
11 silly cache add   scope: null,
11 silly cache add   escapedName: null,
11 silly cache add   name: null,
11 silly cache add   rawSpec: 'lokua/styled-ax',
11 silly cache add   spec: 'github:lokua/styled-ax',
11 silly cache add   type: 'hosted',
11 silly cache add   hosted:
11 silly cache add    { type: 'github',
11 silly cache add      ssh: 'git@github.com:lokua/styled-ax.git',
11 silly cache add      sshUrl: 'git+ssh://git@github.com/lokua/styled-ax.git',
11 silly cache add      httpsUrl: 'git+https://github.com/lokua/styled-ax.git',
11 silly cache add      gitUrl: 'git://github.com/lokua/styled-ax.git',
11 silly cache add      shortcut: 'github:lokua/styled-ax',
11 silly cache add      directUrl: 'https://raw.githubusercontent.com/lokua/styled-ax/master/package.json' } }
12 verbose addRemoteGit caching lokua/styled-ax
13 verbose addRemoteGit lokua/styled-ax is a repository hosted by github
14 silly tryGitProto attempting to clone git://github.com/lokua/styled-ax.git
15 silly tryClone cloning lokua/styled-ax via git://github.com/lokua/styled-ax.git
16 verbose tryClone git-github-com-lokua-styled-ax-git-aba6a3cb not in flight; caching
17 verbose correctMkdir /Users/joshkleckner/.npm/_git-remotes correctMkdir not in flight; initializing
18 info git [ 'clone',
18 info git   '--template=/Users/joshkleckner/.npm/_git-remotes/_templates',
18 info git   '--mirror',
18 info git   'git://github.com/lokua/styled-ax.git',
18 info git   '/Users/joshkleckner/.npm/_git-remotes/git-github-com-lokua-styled-ax-git-aba6a3cb' ]
19 verbose git clone --template=/Users/joshkleckner/.npm/_git-remotes/_templates --mirror git://github.com/lokua/styled-ax.git /Users/joshkleckner/.npm/_git-remotes/git-github-com-lokua-styled-ax-git-aba6a3cb: Cloning into bare repository '/Users/joshkleckner/.npm/_git-remotes/git-github-com-lokua-styled-ax-git-aba6a3cb'...
19 verbose git clone --template=/Users/joshkleckner/.npm/_git-remotes/_templates --mirror git://github.com/lokua/styled-ax.git /Users/joshkleckner/.npm/_git-remotes/git-github-com-lokua-styled-ax-git-aba6a3cb: fatal: remote error:
19 verbose git clone --template=/Users/joshkleckner/.npm/_git-remotes/_templates --mirror git://github.com/lokua/styled-ax.git /Users/joshkleckner/.npm/_git-remotes/git-github-com-lokua-styled-ax-git-aba6a3cb:   Repository not found.
20 silly tryHTTPS attempting to clone git+https://github.com/lokua/styled-ax.git
21 silly tryClone cloning lokua/styled-ax via git+https://github.com/lokua/styled-ax.git
22 verbose tryClone git-https-github-com-lokua-styled-ax-git-1a7c44a0 not in flight; caching
23 verbose correctMkdir /Users/joshkleckner/.npm/_git-remotes correctMkdir not in flight; initializing
24 info git [ 'config', '--get', 'remote.origin.url' ]
25 silly validateExistingRemote lokua/styled-ax remote.origin.url: https://github.com/lokua/styled-ax.git
26 verbose validateExistingRemote lokua/styled-ax is updating existing cached remote /Users/joshkleckner/.npm/_git-remotes/git-https-github-com-lokua-styled-ax-git-1a7c44a0
27 info git [ 'fetch', '-a', 'origin' ]
28 verbose updateRemote git fetch -a origin (https://github.com/lokua/styled-ax.git)
29 verbose correctMkdir /Users/joshkleckner/.npm/_git-remotes correctMkdir not in flight; initializing
30 verbose setPermissions lokua/styled-ax set permissions on /Users/joshkleckner/.npm/_git-remotes/git-https-github-com-lokua-styled-ax-git-1a7c44a0
31 verbose resolveHead lokua/styled-ax original treeish: master
32 info git [ 'rev-list', '-n1', 'master' ]
33 silly resolveHead lokua/styled-ax resolved treeish: 5f8b757e46c64ac4a0fd0633fb9080e1a142836a
34 verbose resolveHead lokua/styled-ax resolved Git URL: git+https://github.com/lokua/styled-ax.git#5f8b757e46c64ac4a0fd0633fb9080e1a142836a
35 silly resolveHead Git working directory: /var/folders/40/frcbcs6d2jg8ckm8lsg7xsl00000gn/T/npm-1321-8613c21f/git-cache-27a5422c/5f8b757e46c64ac4a0fd0633fb9080e1a142836a
36 info git [ 'clone',
36 info git   '/Users/joshkleckner/.npm/_git-remotes/git-https-github-com-lokua-styled-ax-git-1a7c44a0',
36 info git   '/var/folders/40/frcbcs6d2jg8ckm8lsg7xsl00000gn/T/npm-1321-8613c21f/git-cache-27a5422c/5f8b757e46c64ac4a0fd0633fb9080e1a142836a' ]
37 verbose cloneResolved lokua/styled-ax clone Cloning into '/var/folders/40/frcbcs6d2jg8ckm8lsg7xsl00000gn/T/npm-1321-8613c21f/git-cache-27a5422c/5f8b757e46c64ac4a0fd0633fb9080e1a142836a'...
37 verbose cloneResolved done.
38 info git [ 'checkout', '5f8b757e46c64ac4a0fd0633fb9080e1a142836a' ]
39 verbose checkoutTreeish lokua/styled-ax checkout Note: checking out '5f8b757e46c64ac4a0fd0633fb9080e1a142836a'.
39 verbose checkoutTreeish
39 verbose checkoutTreeish You are in 'detached HEAD' state. You can look around, make experimental
39 verbose checkoutTreeish changes and commit them, and you can discard any commits you make in this
39 verbose checkoutTreeish state without impacting any branches by performing another checkout.
39 verbose checkoutTreeish
39 verbose checkoutTreeish If you want to create a new branch to retain commits you create, you may
39 verbose checkoutTreeish do so (now or later) by using -b with the checkout command again. Example:
39 verbose checkoutTreeish
39 verbose checkoutTreeish   git checkout -b <new-branch-name>
39 verbose checkoutTreeish
39 verbose checkoutTreeish HEAD is now at 5f8b757... update readme
40 info git [ 'submodule', '-q', 'update', '--init', '--recursive' ]
41 verbose updateSubmodules lokua/styled-ax submodule update
42 verbose addLocalDirectory /Users/joshkleckner/.npm/styled-ax/0.1.0/package.tgz not in flight; packing
43 verbose correctMkdir /Users/joshkleckner/.npm correctMkdir not in flight; initializing
44 verbose tar pack [ '/Users/joshkleckner/.npm/styled-ax/0.1.0/package.tgz',
44 verbose tar pack   '/var/folders/40/frcbcs6d2jg8ckm8lsg7xsl00000gn/T/npm-1321-8613c21f/git-cache-27a5422c/5f8b757e46c64ac4a0fd0633fb9080e1a142836a' ]
45 verbose tarball /Users/joshkleckner/.npm/styled-ax/0.1.0/package.tgz
46 verbose folder /var/folders/40/frcbcs6d2jg8ckm8lsg7xsl00000gn/T/npm-1321-8613c21f/git-cache-27a5422c/5f8b757e46c64ac4a0fd0633fb9080e1a142836a
47 verbose addLocalTarball adding from inside cache /Users/joshkleckner/.npm/styled-ax/0.1.0/package.tgz
48 verbose correctMkdir /Users/joshkleckner/.npm correctMkdir not in flight; initializing
49 verbose addRemoteGit data._from: lokua/styled-ax
50 verbose addRemoteGit data._resolved: git+https://github.com/lokua/styled-ax.git#5f8b757e46c64ac4a0fd0633fb9080e1a142836a
51 silly cache afterAdd styled-ax@0.1.0
52 verbose afterAdd /Users/joshkleckner/.npm/styled-ax/0.1.0/package/package.json not in flight; writing
53 verbose correctMkdir /Users/joshkleckner/.npm correctMkdir not in flight; initializing
54 verbose afterAdd /Users/joshkleckner/.npm/styled-ax/0.1.0/package/package.json written
55 silly install normalizeTree
56 silly loadCurrentTree Finishing
57 silly loadIdealTree Starting
58 silly install loadIdealTree
59 silly cloneCurrentTree Starting
60 silly install cloneCurrentTreeToIdealTree
61 silly cloneCurrentTree Finishing
62 silly loadShrinkwrap Starting
63 silly install loadShrinkwrap
64 silly loadShrinkwrap Finishing
65 silly loadAllDepsIntoIdealTree Starting
66 silly install loadAllDepsIntoIdealTree
67 silly rollbackFailedOptional Starting
68 silly rollbackFailedOptional Finishing
69 silly runTopLevelLifecycles Finishing
70 silly install printInstalled
71 verbose stack Error: Refusing to install styled-ax as a dependency of itself
71 verbose stack     at checkSelf (/Users/joshkleckner/.nvm/versions/node/v6.8.0/lib/node_modules/npm/lib/install/validate-args.js:53:14)
71 verbose stack     at Array.<anonymous> (/Users/joshkleckner/.nvm/versions/node/v6.8.0/lib/node_modules/npm/node_modules/slide/lib/bind-actor.js:15:8)
71 verbose stack     at LOOP (/Users/joshkleckner/.nvm/versions/node/v6.8.0/lib/node_modules/npm/node_modules/slide/lib/chain.js:15:14)
71 verbose stack     at chain (/Users/joshkleckner/.nvm/versions/node/v6.8.0/lib/node_modules/npm/node_modules/slide/lib/chain.js:20:5)
71 verbose stack     at /Users/joshkleckner/.nvm/versions/node/v6.8.0/lib/node_modules/npm/lib/install/validate-args.js:16:5
71 verbose stack     at /Users/joshkleckner/.nvm/versions/node/v6.8.0/lib/node_modules/npm/node_modules/slide/lib/async-map.js:52:35
71 verbose stack     at Array.forEach (native)
71 verbose stack     at /Users/joshkleckner/.nvm/versions/node/v6.8.0/lib/node_modules/npm/node_modules/slide/lib/async-map.js:52:11
71 verbose stack     at Array.forEach (native)
71 verbose stack     at asyncMap (/Users/joshkleckner/.nvm/versions/node/v6.8.0/lib/node_modules/npm/node_modules/slide/lib/async-map.js:51:8)
72 verbose cwd /Users/joshkleckner/code/styled-ax
73 error Darwin 15.5.0
74 error argv "/Users/joshkleckner/.nvm/versions/node/v6.8.0/bin/node" "/Users/joshkleckner/.nvm/versions/node/v6.8.0/bin/npm" "i" "lokua/styled-ax" "--save-dev"
75 error node v6.8.0
76 error npm  v3.10.8
77 error code ENOSELF
78 error Refusing to install styled-ax as a dependency of itself
79 error If you need help, you may report this error at:
79 error     <https://github.com/npm/npm/issues>
80 verbose exit [ 1, true ]
